<?xml version="1.0" encoding="UTF-8"?>
<!-- Generated by org.testng.reporters.JUnitXMLReporter -->
<testsuite hostname="IM-LP-186" name="Test" tests="3" failures="0" timestamp="2 Jun 2017 11:47:39 GMT" time="61.954" errors="0">
  <testcase name="openinFirefox" time="21.89" classname="com.cloudleaf.webautomation.GoogleTest"/>
  <testcase name="openinChrome" time="22.757" classname="com.cloudleaf.webautomation.GoogleTest"/>
  <testcase name="openinIE" time="61.927" classname="com.cloudleaf.webautomation.GoogleTest"/>
</testsuite> <!-- Test -->
